  Casilla.cpp
  Main.cpp
  Pieza.cpp
  Tablero.cpp
  V2D.cpp
  Generando código...
Main.obj : error LNK2019: símbolo externo __imp__glutInitWindowSize@8 sin resolver al que se hace referencia en la función _main
Main.obj : error LNK2019: símbolo externo __imp__glutInitDisplayMode@4 sin resolver al que se hace referencia en la función _main
Main.obj : error LNK2019: símbolo externo __imp__glutMainLoop@0 sin resolver al que se hace referencia en la función _main
Main.obj : error LNK2019: símbolo externo __imp__glutPostRedisplay@0 sin resolver al que se hace referencia en la función "void __cdecl OnTimer(int)" (?OnTimer@@YAXH@Z)
Main.obj : error LNK2019: símbolo externo __imp__glutSwapBuffers@0 sin resolver al que se hace referencia en la función "void __cdecl OnDraw(void)" (?OnDraw@@YAXXZ)
Main.obj : error LNK2019: símbolo externo __imp__glutTimerFunc@12 sin resolver al que se hace referencia en la función "void __cdecl OnTimer(int)" (?OnTimer@@YAXH@Z)
Main.obj : error LNK2019: símbolo externo __imp__glutKeyboardFunc@4 sin resolver al que se hace referencia en la función _main
Main.obj : error LNK2019: símbolo externo __imp__glutDisplayFunc@4 sin resolver al que se hace referencia en la función _main
Main.obj : error LNK2019: símbolo externo __imp__glutSolidSphere@16 sin resolver al que se hace referencia en la función "void __cdecl OnDraw(void)" (?OnDraw@@YAXXZ)
Pieza.obj : error LNK2001: símbolo externo __imp__glutSolidSphere@16 sin resolver
Main.obj : error LNK2019: símbolo externo __imp____glutInitWithExit@12 sin resolver al que se hace referencia en la función _glutInit_ATEXIT_HACK@8
Main.obj : error LNK2019: símbolo externo __imp____glutCreateWindowWithExit@8 sin resolver al que se hace referencia en la función _glutCreateWindow_ATEXIT_HACK@4
Pieza.obj : error LNK2019: símbolo externo __imp__glutSolidCube@8 sin resolver al que se hace referencia en la función "public: void __thiscall Pieza::Dibujar(class V2D,int,bool)" (?Dibujar@Pieza@@QAEXVV2D@@H_N@Z)
freeglut.lib : warning LNK4272: el tipo de máquina de biblioteca 'x64' está en conflicto con el tipo de máquina de destino 'x86'
D:\Archivos\UPM\_Programacion\AJEDREZ\AjedrezV1\Debug\AjedrezV1.exe : fatal error LNK1120: 12 externos sin resolver
