  Tablero.cpp
D:\Archivos\UPM\_Programacion\AJEDREZ\AjedrezV1.0 - copia (2)\Tablero.cpp(179,87): warning C4244: 'argumento': conversión de 'double' a 'GLfloat'; posible pérdida de datos
D:\Archivos\UPM\_Programacion\AJEDREZ\AjedrezV1.0 - copia (2)\Tablero.cpp(179,53): warning C4244: 'argumento': conversión de 'double' a 'GLfloat'; posible pérdida de datos
D:\Archivos\UPM\_Programacion\AJEDREZ\AjedrezV1.0 - copia (2)\Tablero.cpp(182,87): warning C4244: 'argumento': conversión de 'double' a 'GLfloat'; posible pérdida de datos
D:\Archivos\UPM\_Programacion\AJEDREZ\AjedrezV1.0 - copia (2)\Tablero.cpp(182,53): warning C4244: 'argumento': conversión de 'double' a 'GLfloat'; posible pérdida de datos
D:\Archivos\UPM\_Programacion\AJEDREZ\AjedrezV1.0 - copia (2)\Tablero.cpp(187,87): warning C4244: 'argumento': conversión de 'double' a 'GLfloat'; posible pérdida de datos
D:\Archivos\UPM\_Programacion\AJEDREZ\AjedrezV1.0 - copia (2)\Tablero.cpp(187,53): warning C4244: 'argumento': conversión de 'double' a 'GLfloat'; posible pérdida de datos
D:\Archivos\UPM\_Programacion\AJEDREZ\AjedrezV1.0 - copia (2)\Tablero.cpp(188,87): warning C4244: 'argumento': conversión de 'double' a 'GLfloat'; posible pérdida de datos
D:\Archivos\UPM\_Programacion\AJEDREZ\AjedrezV1.0 - copia (2)\Tablero.cpp(188,53): warning C4244: 'argumento': conversión de 'double' a 'GLfloat'; posible pérdida de datos
D:\Archivos\UPM\_Programacion\AJEDREZ\AjedrezV1.0 - copia (2)\Tablero.cpp(198,87): warning C4244: 'argumento': conversión de 'double' a 'GLfloat'; posible pérdida de datos
D:\Archivos\UPM\_Programacion\AJEDREZ\AjedrezV1.0 - copia (2)\Tablero.cpp(198,53): warning C4244: 'argumento': conversión de 'double' a 'GLfloat'; posible pérdida de datos
D:\Archivos\UPM\_Programacion\AJEDREZ\AjedrezV1.0 - copia (2)\Tablero.cpp(199,87): warning C4244: 'argumento': conversión de 'double' a 'GLfloat'; posible pérdida de datos
D:\Archivos\UPM\_Programacion\AJEDREZ\AjedrezV1.0 - copia (2)\Tablero.cpp(199,53): warning C4244: 'argumento': conversión de 'double' a 'GLfloat'; posible pérdida de datos
D:\Archivos\UPM\_Programacion\AJEDREZ\AjedrezV1.0 - copia (2)\Tablero.cpp(207,87): warning C4244: 'argumento': conversión de 'double' a 'GLfloat'; posible pérdida de datos
D:\Archivos\UPM\_Programacion\AJEDREZ\AjedrezV1.0 - copia (2)\Tablero.cpp(207,53): warning C4244: 'argumento': conversión de 'double' a 'GLfloat'; posible pérdida de datos
D:\Archivos\UPM\_Programacion\AJEDREZ\AjedrezV1.0 - copia (2)\Tablero.cpp(208,53): warning C4244: 'argumento': conversión de 'double' a 'GLfloat'; posible pérdida de datos
D:\Archivos\UPM\_Programacion\AJEDREZ\AjedrezV1.0 - copia (2)\Tablero.cpp(286,36): warning C4267: 'inicializando': conversión de 'size_t' a 'int'; posible pérdida de datos
D:\Archivos\UPM\_Programacion\AJEDREZ\AjedrezV1.0 - copia (2)\Tablero.cpp(960,51): warning C4244: 'argumento': conversión de 'int' a 'float'; posible pérdida de datos
D:\Archivos\UPM\_Programacion\AJEDREZ\AjedrezV1.0 - copia (2)\Tablero.cpp(960,35): warning C4244: 'argumento': conversión de 'int' a 'float'; posible pérdida de datos
  AjedrezV1.vcxproj -> D:\Archivos\UPM\_Programacion\AJEDREZ\AjedrezV1.0 - copia (2)\x64\Debug\AjedrezV1.exe
